{"/Users/tspate/dev/jest/src/index.js": {"path":"/Users/tspate/dev/jest/src/index.js","statementMap":{"0":{"start":{"line":1,"column":28},"end":{"line":4,"column":1}},"1":{"start":{"line":2,"column":2},"end":{"line":2,"column":115}},"2":{"start":{"line":2,"column":54},"end":{"line":2,"column":115}},"3":{"start":{"line":3,"column":2},"end":{"line":3,"column":15}},"4":{"start":{"line":6,"column":37},"end":{"line":8,"column":1}},"5":{"start":{"line":7,"column":2},"end":{"line":7,"column":63}},"6":{"start":{"line":10,"column":24},"end":{"line":12,"column":1}},"7":{"start":{"line":11,"column":2},"end":{"line":11,"column":47}}},"fnMap":{"0":{"name":"(anonymous_0)","decl":{"start":{"line":1,"column":28},"end":{"line":1,"column":29}},"loc":{"start":{"line":1,"column":38},"end":{"line":4,"column":1}},"line":1},"1":{"name":"(anonymous_1)","decl":{"start":{"line":6,"column":37},"end":{"line":6,"column":38}},"loc":{"start":{"line":6,"column":68},"end":{"line":8,"column":1}},"line":6},"2":{"name":"(anonymous_2)","decl":{"start":{"line":10,"column":24},"end":{"line":10,"column":25}},"loc":{"start":{"line":10,"column":32},"end":{"line":12,"column":1}},"line":10}},"branchMap":{"0":{"loc":{"start":{"line":2,"column":2},"end":{"line":2,"column":115}},"type":"if","locations":[{"start":{"line":2,"column":2},"end":{"line":2,"column":115}},{"start":{"line":2,"column":2},"end":{"line":2,"column":115}}],"line":2},"1":{"loc":{"start":{"line":2,"column":6},"end":{"line":2,"column":52}},"type":"binary-expr","locations":[{"start":{"line":2,"column":6},"end":{"line":2,"column":27}},{"start":{"line":2,"column":31},"end":{"line":2,"column":52}}],"line":2}},"s":{"0":4,"1":5,"2":1,"3":4,"4":4,"5":3,"6":4,"7":2},"f":{"0":5,"1":3,"2":2},"b":{"0":[1,4],"1":[5,4]},"_coverageSchema":"43e27e138ebf9cfc5966b082cf9a028302ed4184","hash":"72293eef72f9f4368e9356b4f487089a32bab2a5"}
,"/Users/tspate/dev/jest/src/utils.js/index.js": {"path":"/Users/tspate/dev/jest/src/utils.js/index.js","statementMap":{"0":{"start":{"line":1,"column":42},"end":{"line":6,"column":1}},"1":{"start":{"line":2,"column":2},"end":{"line":5,"column":5}},"2":{"start":{"line":8,"column":26},"end":{"line":13,"column":1}},"3":{"start":{"line":10,"column":2},"end":{"line":10,"column":25}},"4":{"start":{"line":11,"column":2},"end":{"line":11,"column":62}},"5":{"start":{"line":11,"column":43},"end":{"line":11,"column":62}},"6":{"start":{"line":12,"column":2},"end":{"line":12,"column":23}},"7":{"start":{"line":15,"column":24},"end":{"line":20,"column":1}},"8":{"start":{"line":17,"column":2},"end":{"line":17,"column":25}},"9":{"start":{"line":18,"column":2},"end":{"line":18,"column":62}},"10":{"start":{"line":18,"column":43},"end":{"line":18,"column":62}},"11":{"start":{"line":19,"column":2},"end":{"line":19,"column":22}}},"fnMap":{"0":{"name":"(anonymous_0)","decl":{"start":{"line":1,"column":42},"end":{"line":1,"column":43}},"loc":{"start":{"line":1,"column":50},"end":{"line":6,"column":1}},"line":1},"1":{"name":"(anonymous_1)","decl":{"start":{"line":8,"column":26},"end":{"line":8,"column":27}},"loc":{"start":{"line":8,"column":48},"end":{"line":13,"column":1}},"line":8},"2":{"name":"(anonymous_2)","decl":{"start":{"line":15,"column":24},"end":{"line":15,"column":25}},"loc":{"start":{"line":15,"column":39},"end":{"line":20,"column":1}},"line":15}},"branchMap":{},"s":{"0":1,"1":1,"2":1,"3":0,"4":0,"5":0,"6":0,"7":1,"8":0,"9":0,"10":0,"11":0},"f":{"0":1,"1":0,"2":0},"b":{},"_coverageSchema":"43e27e138ebf9cfc5966b082cf9a028302ed4184","hash":"0c79bdef67a86405e49903768d0bc4f4556bc929"}
}
