TN:
SF:/Users/tspate/dev/jest/src/index.js
FN:1,(anonymous_0)
FN:6,(anonymous_1)
FN:10,(anonymous_2)
FNF:3
FNH:3
FNDA:5,(anonymous_0)
FNDA:3,(anonymous_1)
FNDA:2,(anonymous_2)
DA:1,4
DA:2,5
DA:3,4
DA:6,4
DA:7,3
DA:10,4
DA:11,2
LF:7
LH:7
BRDA:2,0,0,1
BRDA:2,0,1,4
BRDA:2,1,0,5
BRDA:2,1,1,4
BRF:4
BRH:4
end_of_record
TN:
SF:/Users/tspate/dev/jest/src/utils.js/index.js
FN:1,(anonymous_0)
FN:8,(anonymous_1)
FN:15,(anonymous_2)
FNF:3
FNH:1
FNDA:1,(anonymous_0)
FNDA:0,(anonymous_1)
FNDA:0,(anonymous_2)
DA:1,1
DA:2,1
DA:8,1
DA:10,0
DA:11,0
DA:12,0
DA:15,1
DA:17,0
DA:18,0
DA:19,0
LF:10
LH:4
BRF:0
BRH:0
end_of_record
